# JRE version: OpenJDK Runtime Environment (17.0.6) (build 17.0.6+0-b2043.56-9586694)
# Java VM: OpenJDK 64-Bit Server VM (17.0.6+0-b2043.56-9586694, mixed mode, tiered, compressed oops, compressed class ptrs, g1 gc, windows-amd64)
GC Precious Log:
 CPUs: 8 total, 8 available
 Memory: 16262M
 Large Page Support: Disabled
 NUMA Support: Disabled
 Compressed Oops: Enabled (32-bit)
 Heap Region Size: 1M
 Heap Min Capacity: 8M
 Heap Initial Capacity: 256M
 Heap Max Capacity: 2G
 Pre-touch: Disabled
 Parallel Workers: 8
 Concurrent Workers: 2
 Concurrent Refinement Workers: 8
 Periodic GC: Disabled
Heap:
 garbage-first heap   total 391168K, used 297447K [0x0000000080000000, 0x0000000100000000)
  region size 1024K, 77 young (78848K), 6 survivors (6144K)
 Metaspace       used 131286K, committed 132288K, reserved 1171456K
  class space    used 17058K, committed 17536K, reserved 1048576K
GC Heap History (20 events):
Event: 14.863 GC heap before
{Heap before GC invocations=55 (full 0):
 garbage-first heap   total 314368K, used 196158K [0x0000000080000000, 0x0000000100000000)
  region size 1024K, 15 young (15360K), 5 survivors (5120K)
 Metaspace       used 104782K, committed 105536K, reserved 1146880K
  class space    used 14107K, committed 14464K, reserved 1048576K
}
Event: 14.868 GC heap after
{Heap after GC invocations=56 (full 0):
 garbage-first heap   total 314368K, used 186789K [0x0000000080000000, 0x0000000100000000)
  region size 1024K, 2 young (2048K), 2 survivors (2048K)
 Metaspace       used 104782K, committed 105536K, reserved 1146880K
  class space    used 14107K, committed 14464K, reserved 1048576K
}
Event: 197.636 GC heap before
{Heap before GC invocations=56 (full 0):
 garbage-first heap   total 314368K, used 259493K [0x0000000080000000, 0x0000000100000000)
  region size 1024K, 74 young (75776K), 2 survivors (2048K)
 Metaspace       used 111332K, committed 112192K, reserved 1146880K
  class space    used 14775K, committed 15168K, reserved 1048576K
}
Event: 197.645 GC heap after
{Heap after GC invocations=57 (full 0):
 garbage-first heap   total 377856K, used 192512K [0x0000000080000000, 0x0000000100000000)
  region size 1024K, 7 young (7168K), 7 survivors (7168K)
 Metaspace       used 111332K, committed 112192K, reserved 1146880K
  class space    used 14775K, committed 15168K, reserved 1048576K
}
Event: 200.150 GC heap before
{Heap before GC invocations=57 (full 0):
 garbage-first heap   total 377856K, used 299008K [0x0000000080000000, 0x0000000100000000)
  region size 1024K, 112 young (114688K), 7 survivors (7168K)
 Metaspace       used 116194K, committed 117120K, reserved 1155072K
  class space    used 15385K, committed 15872K, reserved 1048576K
}
Event: 200.166 GC heap after
{Heap after GC invocations=58 (full 0):
 garbage-first heap   total 377856K, used 204060K [0x0000000080000000, 0x0000000100000000)
  region size 1024K, 14 young (14336K), 14 survivors (14336K)
 Metaspace       used 116194K, committed 117120K, reserved 1155072K
  class space    used 15385K, committed 15872K, reserved 1048576K
}
Event: 200.722 GC heap before
{Heap before GC invocations=58 (full 0):
 garbage-first heap   total 377856K, used 224540K [0x0000000080000000, 0x0000000100000000)
  region size 1024K, 36 young (36864K), 14 survivors (14336K)
 Metaspace       used 116485K, committed 117440K, reserved 1155072K
  class space    used 15385K, committed 15872K, reserved 1048576K
}
Event: 200.750 GC heap after
{Heap after GC invocations=59 (full 0):
 garbage-first heap   total 377856K, used 212873K [0x0000000080000000, 0x0000000100000000)
  region size 1024K, 9 young (9216K), 9 survivors (9216K)
 Metaspace       used 116485K, committed 117440K, reserved 1155072K
  class space    used 15385K, committed 15872K, reserved 1048576K
}
Event: 204.721 GC heap before
{Heap before GC invocations=60 (full 0):
 garbage-first heap   total 377856K, used 338825K [0x0000000080000000, 0x0000000100000000)
  region size 1024K, 99 young (101376K), 9 survivors (9216K)
 Metaspace       used 119556K, committed 120512K, reserved 1155072K
  class space    used 15760K, committed 16256K, reserved 1048576K
}
Event: 204.743 GC heap after
{Heap after GC invocations=61 (full 0):
 garbage-first heap   total 377856K, used 235061K [0x0000000080000000, 0x0000000100000000)
  region size 1024K, 13 young (13312K), 13 survivors (13312K)
 Metaspace       used 119556K, committed 120512K, reserved 1155072K
  class space    used 15760K, committed 16256K, reserved 1048576K
}
Event: 204.782 GC heap before
{Heap before GC invocations=61 (full 0):
 garbage-first heap   total 377856K, used 239157K [0x0000000080000000, 0x0000000100000000)
  region size 1024K, 18 young (18432K), 13 survivors (13312K)
 Metaspace       used 119569K, committed 120512K, reserved 1155072K
  class space    used 15760K, committed 16256K, reserved 1048576K
}
Event: 204.796 GC heap after
{Heap after GC invocations=62 (full 0):
 garbage-first heap   total 377856K, used 237366K [0x0000000080000000, 0x0000000100000000)
  region size 1024K, 2 young (2048K), 2 survivors (2048K)
 Metaspace       used 119569K, committed 120512K, reserved 1155072K
  class space    used 15760K, committed 16256K, reserved 1048576K
}
Event: 205.654 GC heap before
{Heap before GC invocations=62 (full 0):
 garbage-first heap   total 377856K, used 279350K [0x0000000080000000, 0x0000000100000000)
  region size 1024K, 45 young (46080K), 2 survivors (2048K)
 Metaspace       used 122619K, committed 123584K, reserved 1163264K
  class space    used 16010K, committed 16448K, reserved 1048576K
}
Event: 205.663 GC heap after
{Heap after GC invocations=63 (full 0):
 garbage-first heap   total 377856K, used 242326K [0x0000000080000000, 0x0000000100000000)
  region size 1024K, 7 young (7168K), 7 survivors (7168K)
 Metaspace       used 122619K, committed 123584K, reserved 1163264K
  class space    used 16010K, committed 16448K, reserved 1048576K
}
Event: 206.532 GC heap before
{Heap before GC invocations=64 (full 0):
 garbage-first heap   total 391168K, used 300694K [0x0000000080000000, 0x0000000100000000)
  region size 1024K, 76 young (77824K), 7 survivors (7168K)
 Metaspace       used 123937K, committed 124992K, reserved 1163264K
  class space    used 16139K, committed 16640K, reserved 1048576K
}
Event: 206.538 GC heap after
{Heap after GC invocations=65 (full 0):
 garbage-first heap   total 391168K, used 228260K [0x0000000080000000, 0x0000000100000000)
  region size 1024K, 4 young (4096K), 4 survivors (4096K)
 Metaspace       used 123937K, committed 124992K, reserved 1163264K
  class space    used 16139K, committed 16640K, reserved 1048576K
}
Event: 206.716 GC heap before
{Heap before GC invocations=65 (full 0):
 garbage-first heap   total 391168K, used 242596K [0x0000000080000000, 0x0000000100000000)
  region size 1024K, 19 young (19456K), 4 survivors (4096K)
 Metaspace       used 124228K, committed 125248K, reserved 1163264K
  class space    used 16158K, committed 16640K, reserved 1048576K
}
Event: 206.721 GC heap after
{Heap after GC invocations=66 (full 0):
 garbage-first heap   total 391168K, used 223310K [0x0000000080000000, 0x0000000100000000)
  region size 1024K, 3 young (3072K), 3 survivors (3072K)
 Metaspace       used 124228K, committed 125248K, reserved 1163264K
  class space    used 16158K, committed 16640K, reserved 1048576K
}
Event: 208.667 GC heap before
{Heap before GC invocations=66 (full 0):
 garbage-first heap   total 391168K, used 314446K [0x0000000080000000, 0x0000000100000000)
  region size 1024K, 93 young (95232K), 3 survivors (3072K)
 Metaspace       used 126176K, committed 127168K, reserved 1163264K
  class space    used 16363K, committed 16832K, reserved 1048576K
}
Event: 208.672 GC heap after
{Heap after GC invocations=67 (full 0):
 garbage-first heap   total 391168K, used 226791K [0x0000000080000000, 0x0000000100000000)
  region size 1024K, 6 young (6144K), 6 survivors (6144K)
 Metaspace       used 126176K, committed 127168K, reserved 1163264K
  class space    used 16363K, committed 16832K, reserved 1048576K
}

