# JRE version: OpenJDK Runtime Environment (17.0.6) (build 17.0.6+0-b2043.56-9586694)
# Java VM: OpenJDK 64-Bit Server VM (17.0.6+0-b2043.56-9586694, mixed mode, tiered, compressed oops, compressed class ptrs, g1 gc, windows-amd64)
GC Precious Log:
 CPUs: 8 total, 8 available
 Memory: 16262M
 Large Page Support: Disabled
 NUMA Support: Disabled
 Compressed Oops: Enabled (32-bit)
 Heap Region Size: 1M
 Heap Min Capacity: 8M
 Heap Initial Capacity: 256M
 Heap Max Capacity: 2G
 Pre-touch: Disabled
 Parallel Workers: 8
 Concurrent Workers: 2
 Concurrent Refinement Workers: 8
 Periodic GC: Disabled
Heap:
 garbage-first heap   total 296960K, used 211664K [0x0000000080000000, 0x0000000100000000)
  region size 1024K, 9 young (9216K), 5 survivors (5120K)
 Metaspace       used 132534K, committed 133696K, reserved 1171456K
  class space    used 17270K, committed 17856K, reserved 1048576K
GC Heap History (20 events):
Event: 16.983 GC heap before
{Heap before GC invocations=57 (full 0):
 garbage-first heap   total 296960K, used 254443K [0x0000000080000000, 0x0000000100000000)
  region size 1024K, 73 young (74752K), 6 survivors (6144K)
 Metaspace       used 107429K, committed 108160K, reserved 1146880K
  class space    used 14511K, committed 14848K, reserved 1048576K
}
Event: 16.987 GC heap after
{Heap after GC invocations=58 (full 0):
 garbage-first heap   total 296960K, used 185187K [0x0000000080000000, 0x0000000100000000)
  region size 1024K, 4 young (4096K), 4 survivors (4096K)
 Metaspace       used 107429K, committed 108160K, reserved 1146880K
  class space    used 14511K, committed 14848K, reserved 1048576K
}
Event: 17.283 GC heap before
{Heap before GC invocations=58 (full 0):
 garbage-first heap   total 296960K, used 251747K [0x0000000080000000, 0x0000000100000000)
  region size 1024K, 69 young (70656K), 4 survivors (4096K)
 Metaspace       used 107431K, committed 108160K, reserved 1146880K
  class space    used 14511K, committed 14848K, reserved 1048576K
}
Event: 17.285 GC heap after
{Heap after GC invocations=59 (full 0):
 garbage-first heap   total 296960K, used 185255K [0x0000000080000000, 0x0000000100000000)
  region size 1024K, 4 young (4096K), 4 survivors (4096K)
 Metaspace       used 107431K, committed 108160K, reserved 1146880K
  class space    used 14511K, committed 14848K, reserved 1048576K
}
Event: 17.555 GC heap before
{Heap before GC invocations=59 (full 0):
 garbage-first heap   total 296960K, used 253863K [0x0000000080000000, 0x0000000100000000)
  region size 1024K, 71 young (72704K), 4 survivors (4096K)
 Metaspace       used 107448K, committed 108160K, reserved 1146880K
  class space    used 14512K, committed 14848K, reserved 1048576K
}
Event: 17.557 GC heap after
{Heap after GC invocations=60 (full 0):
 garbage-first heap   total 296960K, used 185160K [0x0000000080000000, 0x0000000100000000)
  region size 1024K, 4 young (4096K), 4 survivors (4096K)
 Metaspace       used 107448K, committed 108160K, reserved 1146880K
  class space    used 14512K, committed 14848K, reserved 1048576K
}
Event: 18.673 GC heap before
{Heap before GC invocations=60 (full 0):
 garbage-first heap   total 296960K, used 255816K [0x0000000080000000, 0x0000000100000000)
  region size 1024K, 73 young (74752K), 4 survivors (4096K)
 Metaspace       used 111629K, committed 112320K, reserved 1146880K
  class space    used 14992K, committed 15296K, reserved 1048576K
}
Event: 18.677 GC heap after
{Heap after GC invocations=61 (full 0):
 garbage-first heap   total 296960K, used 182539K [0x0000000080000000, 0x0000000100000000)
  region size 1024K, 3 young (3072K), 3 survivors (3072K)
 Metaspace       used 111629K, committed 112320K, reserved 1146880K
  class space    used 14992K, committed 15296K, reserved 1048576K
}
Event: 20.405 GC heap before
{Heap before GC invocations=61 (full 0):
 garbage-first heap   total 296960K, used 255243K [0x0000000080000000, 0x0000000100000000)
  region size 1024K, 75 young (76800K), 3 survivors (3072K)
 Metaspace       used 112638K, committed 113408K, reserved 1155072K
  class space    used 15058K, committed 15360K, reserved 1048576K
}
Event: 20.410 GC heap after
{Heap after GC invocations=62 (full 0):
 garbage-first heap   total 296960K, used 185513K [0x0000000080000000, 0x0000000100000000)
  region size 1024K, 6 young (6144K), 6 survivors (6144K)
 Metaspace       used 112638K, committed 113408K, reserved 1155072K
  class space    used 15058K, committed 15360K, reserved 1048576K
}
Event: 22.419 GC heap before
{Heap before GC invocations=62 (full 0):
 garbage-first heap   total 296960K, used 256169K [0x0000000080000000, 0x0000000100000000)
  region size 1024K, 75 young (76800K), 6 survivors (6144K)
 Metaspace       used 115136K, committed 115904K, reserved 1155072K
  class space    used 15351K, committed 15680K, reserved 1048576K
}
Event: 22.428 GC heap after
{Heap after GC invocations=63 (full 0):
 garbage-first heap   total 296960K, used 189617K [0x0000000080000000, 0x0000000100000000)
  region size 1024K, 8 young (8192K), 8 survivors (8192K)
 Metaspace       used 115136K, committed 115904K, reserved 1155072K
  class space    used 15351K, committed 15680K, reserved 1048576K
}
Event: 588.743 GC heap before
{Heap before GC invocations=63 (full 0):
 garbage-first heap   total 296960K, used 255153K [0x0000000080000000, 0x0000000100000000)
  region size 1024K, 73 young (74752K), 8 survivors (8192K)
 Metaspace       used 122103K, committed 123008K, reserved 1163264K
  class space    used 16112K, committed 16576K, reserved 1048576K
}
Event: 588.753 GC heap after
{Heap after GC invocations=64 (full 0):
 garbage-first heap   total 296960K, used 193352K [0x0000000080000000, 0x0000000100000000)
  region size 1024K, 8 young (8192K), 8 survivors (8192K)
 Metaspace       used 122103K, committed 123008K, reserved 1163264K
  class space    used 16112K, committed 16576K, reserved 1048576K
}
Event: 589.806 GC heap before
{Heap before GC invocations=64 (full 0):
 garbage-first heap   total 296960K, used 254792K [0x0000000080000000, 0x0000000100000000)
  region size 1024K, 69 young (70656K), 8 survivors (8192K)
 Metaspace       used 125441K, committed 126528K, reserved 1163264K
  class space    used 16535K, committed 17088K, reserved 1048576K
}
Event: 589.815 GC heap after
{Heap after GC invocations=65 (full 0):
 garbage-first heap   total 296960K, used 199680K [0x0000000080000000, 0x0000000100000000)
  region size 1024K, 9 young (9216K), 9 survivors (9216K)
 Metaspace       used 125441K, committed 126528K, reserved 1163264K
  class space    used 16535K, committed 17088K, reserved 1048576K
}
Event: 590.606 GC heap before
{Heap before GC invocations=65 (full 0):
 garbage-first heap   total 296960K, used 254976K [0x0000000080000000, 0x0000000100000000)
  region size 1024K, 63 young (64512K), 9 survivors (9216K)
 Metaspace       used 130101K, committed 131200K, reserved 1163264K
  class space    used 16979K, committed 17536K, reserved 1048576K
}
Event: 590.617 GC heap after
{Heap after GC invocations=66 (full 0):
 garbage-first heap   total 296960K, used 204758K [0x0000000080000000, 0x0000000100000000)
  region size 1024K, 5 young (5120K), 5 survivors (5120K)
 Metaspace       used 130101K, committed 131200K, reserved 1163264K
  class space    used 16979K, committed 17536K, reserved 1048576K
}
Event: 673.960 GC heap before
{Heap before GC invocations=66 (full 0):
 garbage-first heap   total 296960K, used 253910K [0x0000000080000000, 0x0000000100000000)
  region size 1024K, 54 young (55296K), 5 survivors (5120K)
 Metaspace       used 132511K, committed 133632K, reserved 1171456K
  class space    used 17287K, committed 17856K, reserved 1048576K
}
Event: 673.967 GC heap after
{Heap after GC invocations=67 (full 0):
 garbage-first heap   total 296960K, used 208592K [0x0000000080000000, 0x0000000100000000)
  region size 1024K, 5 young (5120K), 5 survivors (5120K)
 Metaspace       used 132511K, committed 133632K, reserved 1171456K
  class space    used 17287K, committed 17856K, reserved 1048576K
}

