# JRE version: OpenJDK Runtime Environment (17.0.6) (build 17.0.6+0-b2043.56-9586694)
# Java VM: OpenJDK 64-Bit Server VM (17.0.6+0-b2043.56-9586694, mixed mode, tiered, compressed oops, compressed class ptrs, g1 gc, windows-amd64)
GC Precious Log:
 CPUs: 8 total, 8 available
 Memory: 16262M
 Large Page Support: Disabled
 NUMA Support: Disabled
 Compressed Oops: Enabled (32-bit)
 Heap Region Size: 1M
 Heap Min Capacity: 8M
 Heap Initial Capacity: 256M
 Heap Max Capacity: 2G
 Pre-touch: Disabled
 Parallel Workers: 8
 Concurrent Workers: 2
 Concurrent Refinement Workers: 8
 Periodic GC: Disabled
Heap:
 garbage-first heap   total 334848K, used 190139K [0x0000000080000000, 0x0000000100000000)
  region size 1024K, 13 young (13312K), 2 survivors (2048K)
 Metaspace       used 93591K, committed 94400K, reserved 1138688K
  class space    used 12466K, committed 12800K, reserved 1048576K
GC Heap History (20 events):
Event: 10.625 GC heap before
{Heap before GC invocations=40 (full 0):
 garbage-first heap   total 224256K, used 169014K [0x0000000080000000, 0x0000000100000000)
  region size 1024K, 46 young (47104K), 1 survivors (1024K)
 Metaspace       used 74103K, committed 74816K, reserved 1114112K
  class space    used 9904K, committed 10240K, reserved 1048576K
}
Event: 10.630 GC heap after
{Heap after GC invocations=41 (full 0):
 garbage-first heap   total 224256K, used 123737K [0x0000000080000000, 0x0000000100000000)
  region size 1024K, 3 young (3072K), 3 survivors (3072K)
 Metaspace       used 74103K, committed 74816K, reserved 1114112K
  class space    used 9904K, committed 10240K, reserved 1048576K
}
Event: 10.822 GC heap before
{Heap before GC invocations=41 (full 0):
 garbage-first heap   total 224256K, used 129881K [0x0000000080000000, 0x0000000100000000)
  region size 1024K, 10 young (10240K), 3 survivors (3072K)
 Metaspace       used 75313K, committed 76032K, reserved 1122304K
  class space    used 10030K, committed 10368K, reserved 1048576K
}
Event: 10.826 GC heap after
{Heap after GC invocations=42 (full 0):
 garbage-first heap   total 224256K, used 124340K [0x0000000080000000, 0x0000000100000000)
  region size 1024K, 1 young (1024K), 1 survivors (1024K)
 Metaspace       used 75313K, committed 76032K, reserved 1122304K
  class space    used 10030K, committed 10368K, reserved 1048576K
}
Event: 13.344 GC heap before
{Heap before GC invocations=42 (full 0):
 garbage-first heap   total 224256K, used 178612K [0x0000000080000000, 0x0000000100000000)
  region size 1024K, 54 young (55296K), 1 survivors (1024K)
 Metaspace       used 77094K, committed 77760K, reserved 1122304K
  class space    used 10277K, committed 10560K, reserved 1048576K
}
Event: 13.349 GC heap after
{Heap after GC invocations=43 (full 0):
 garbage-first heap   total 224256K, used 128695K [0x0000000080000000, 0x0000000100000000)
  region size 1024K, 6 young (6144K), 6 survivors (6144K)
 Metaspace       used 77094K, committed 77760K, reserved 1122304K
  class space    used 10277K, committed 10560K, reserved 1048576K
}
Event: 25.283 GC heap before
{Heap before GC invocations=44 (full 0):
 garbage-first heap   total 224256K, used 177847K [0x0000000080000000, 0x0000000100000000)
  region size 1024K, 55 young (56320K), 6 survivors (6144K)
 Metaspace       used 78275K, committed 79040K, reserved 1122304K
  class space    used 10345K, committed 10688K, reserved 1048576K
}
Event: 25.294 GC heap after
{Heap after GC invocations=45 (full 0):
 garbage-first heap   total 224256K, used 133666K [0x0000000080000000, 0x0000000100000000)
  region size 1024K, 5 young (5120K), 5 survivors (5120K)
 Metaspace       used 78275K, committed 79040K, reserved 1122304K
  class space    used 10345K, committed 10688K, reserved 1048576K
}
Event: 25.350 GC heap before
{Heap before GC invocations=45 (full 0):
 garbage-first heap   total 224256K, used 137762K [0x0000000080000000, 0x0000000100000000)
  region size 1024K, 10 young (10240K), 5 survivors (5120K)
 Metaspace       used 78334K, committed 79104K, reserved 1122304K
  class space    used 10345K, committed 10688K, reserved 1048576K
}
Event: 25.355 GC heap after
{Heap after GC invocations=46 (full 0):
 garbage-first heap   total 224256K, used 134007K [0x0000000080000000, 0x0000000100000000)
  region size 1024K, 1 young (1024K), 1 survivors (1024K)
 Metaspace       used 78334K, committed 79104K, reserved 1122304K
  class space    used 10345K, committed 10688K, reserved 1048576K
}
Event: 26.238 GC heap before
{Heap before GC invocations=46 (full 0):
 garbage-first heap   total 224256K, used 182135K [0x0000000080000000, 0x0000000100000000)
  region size 1024K, 48 young (49152K), 1 survivors (1024K)
 Metaspace       used 83274K, committed 84096K, reserved 1122304K
  class space    used 11208K, committed 11584K, reserved 1048576K
}
Event: 26.242 GC heap after
{Heap after GC invocations=47 (full 0):
 garbage-first heap   total 224256K, used 136606K [0x0000000080000000, 0x0000000100000000)
  region size 1024K, 4 young (4096K), 4 survivors (4096K)
 Metaspace       used 83274K, committed 84096K, reserved 1122304K
  class space    used 11208K, committed 11584K, reserved 1048576K
}
Event: 26.873 GC heap before
{Heap before GC invocations=47 (full 0):
 garbage-first heap   total 224256K, used 173470K [0x0000000080000000, 0x0000000100000000)
  region size 1024K, 42 young (43008K), 4 survivors (4096K)
 Metaspace       used 87771K, committed 88640K, reserved 1130496K
  class space    used 11730K, committed 12096K, reserved 1048576K
}
Event: 26.879 GC heap after
{Heap after GC invocations=48 (full 0):
 garbage-first heap   total 224256K, used 141130K [0x0000000080000000, 0x0000000100000000)
  region size 1024K, 7 young (7168K), 7 survivors (7168K)
 Metaspace       used 87771K, committed 88640K, reserved 1130496K
  class space    used 11730K, committed 12096K, reserved 1048576K
}
Event: 27.498 GC heap before
{Heap before GC invocations=49 (full 0):
 garbage-first heap   total 278528K, used 209738K [0x0000000080000000, 0x0000000100000000)
  region size 1024K, 46 young (47104K), 7 survivors (7168K)
 Metaspace       used 90816K, committed 91584K, reserved 1130496K
  class space    used 12203K, committed 12544K, reserved 1048576K
}
Event: 27.508 GC heap after
{Heap after GC invocations=50 (full 0):
 garbage-first heap   total 278528K, used 178418K [0x0000000080000000, 0x0000000100000000)
  region size 1024K, 6 young (6144K), 6 survivors (6144K)
 Metaspace       used 90816K, committed 91584K, reserved 1130496K
  class space    used 12203K, committed 12544K, reserved 1048576K
}
Event: 27.557 GC heap before
{Heap before GC invocations=50 (full 0):
 garbage-first heap   total 278528K, used 185586K [0x0000000080000000, 0x0000000100000000)
  region size 1024K, 13 young (13312K), 6 survivors (6144K)
 Metaspace       used 91022K, committed 91840K, reserved 1130496K
  class space    used 12236K, committed 12608K, reserved 1048576K
}
Event: 27.562 GC heap after
{Heap after GC invocations=51 (full 0):
 garbage-first heap   total 278528K, used 178427K [0x0000000080000000, 0x0000000100000000)
  region size 1024K, 1 young (1024K), 1 survivors (1024K)
 Metaspace       used 91022K, committed 91840K, reserved 1130496K
  class space    used 12236K, committed 12608K, reserved 1048576K
}
Event: 27.640 GC heap before
{Heap before GC invocations=51 (full 0):
 garbage-first heap   total 278528K, used 184571K [0x0000000080000000, 0x0000000100000000)
  region size 1024K, 9 young (9216K), 1 survivors (1024K)
 Metaspace       used 91598K, committed 92480K, reserved 1130496K
  class space    used 12291K, committed 12672K, reserved 1048576K
}
Event: 27.642 GC heap after
{Heap after GC invocations=52 (full 0):
 garbage-first heap   total 334848K, used 178875K [0x0000000080000000, 0x0000000100000000)
  region size 1024K, 2 young (2048K), 2 survivors (2048K)
 Metaspace       used 91598K, committed 92480K, reserved 1130496K
  class space    used 12291K, committed 12672K, reserved 1048576K
}

